fuck
phone
win
work
wifi
internet
signal
barely
happy
read
good
thing
jin
black
swan
james
corden
love
love
love
jin
happy
signal
compensate
laugh
louder
phone
zone
year
slow
internet
bad
internet
pshe
supply
teacher
phone
policy
constant
abuse
result
limb
wifi
play
smash
regular
laugh
louder
phone
shit
kill
phone
rule
hang
sign
phone
damn
waste
sunday
inter
web
work
lady
speak
suppose
bike
fly
sydneythere
wifi
plane
yeet
phone
site
jus
vibe
excite
phone
service
week
service
hard
sick
internet
finally
phone
week
difficult
phone
life
kill
internet
week
wait
villa
vibez
answer
online
phone
nessa
till
answer
phone
sit
niece
party
signal
goodbye
internet
connection
love
fuck
mkbhd
correct
internet
slow
internet
slow
internet
mad
habit
time
pause
break
flip
chrome
tab
waste
time
frustration
internet
phone
company
peace
quiet
internet
life
fuck
wifi
connection
watch
ya
yaoi'm
datum
fuck
ugh
signal
happen
trs
support
aimim.no
internet
internet
place
people
fight
secular
speak
good
spend
time
teenager
wifi
yo
folk
good
connection
text
internet
leave
dead
water
internet
md
evening
got
red
light
router
rebooting
missed
tv
happy
internet
monday
unacceptable
service
book
engineer
poorly
instal
cable
box
house
appointment
week
suppose
internet
landline
great
service
provid
turn
clock
altogether
black
white
internet
mobile
embrace
fax
stop
smartphone
horrible
machine
school
brick
mobile
mast
village
upgrade
year
signal
phone
bad
accept
point
phone
meet
criterion
phone
cancellation
notice
cut
impossible
reconnect
wait
customer
service
receive
shocking
week
internet
plusnetn
phone
welp
lose
temporary
phone
comptely
phoneless
internet
damnit
wifi
kill
work
watch
decent
phone
signal
co
monaghan
health
care
worker
rely
phone
people
vulnerable
phone
signal
drive
thing
internet
time
wtffg
internet
area
post
code
restore
erratic
service
jan
internet
access
acceptable
bearing
mind
program
outage
wifi
good
thing
watch
anime
rnno
wifi
can
vpn
internet
connection
facebook
madd
lame
hate
village
sit
car
straight
sleep
internet
datum
talk
problem
hate
talk
idiocy
internet
continue
avoid
flight
hell
phubbe
podcast
literally
cottage
middle
wash
clothe
online
wifi
luxury
good
holiday
literally
sheep
hill
forest
family
photographer
andrewtorrez
aka
place
communication
internet
cell
service
dig
photo
archive
newmexico
roadtrip
travel
weekendgetaway
daytrip
connect
wi
fiwi
internet
access
shit
hurt
phone
sight
pure
vibe
internet
saturday
thursday
surprised
nothappy
remoteworker
fourth
brand
phone
internet
connection
half
cancel
phone
crazy
love
phoneless
annoy
unreachable
wifi
flight
suppose
millennial
vacay
phone
social
medium
room
complete
silence
paper
pencil
bible
would
heating
air
conditioning
internet
internet
hot
cold
change
clothe
freak
phone
signal
routine
manage
health
kind
thing
noon
live
farm
town
internet
satellite
watch
rain
internet
low
cell
phone
signal
suck
live
god
hate
email
account
account
point
phone
number
lot
voluntary
effort
old
fart
god
google
recognize
computer
info
live
chat
phone
number
circle
jerk
honestly
admit
idgaf
nomophobia
addict
phone
aww
man
hope
tech
rest
chill
camping
phone
signal
care
hand
virtual
cup
tea
plan
hav
socmed
detox
week
andd
phone
mobile
device
hahahhaa
phoneless
tryingto
work
internet
access
ugh
comcastoutage
stream
internet
honestly
feel
defeat
win
laugh
louder
crawl
bed
lmfaoo
wanna
force
phone
thursday
equity
issue
tech
classroom
pl
hand
teacher
newspaper
assign
research
vacation
phone
internet
analogy
student
hinder
research
class
technology
phone
morning
scroll
bloody
life
bath
phone
reading
book
phone
talk
bf
phone
nerve
feel
murder
router
another
thursday
week
internet
seriously
internet
provider
literally
online
internet
fuck
internet
unpack
avatar
dvds
mad
adhd
straight
sit
class
attention
distraction
phone
open
tab
die
live
drive
silence
phone
talk
hard
teenager
basic
text
phone
internet
access
parent
strong
suppose
week
internet
feelsbadman
bring
apple
watch
work
strict
phone
policy
catch
zone
phone
shit
literally
save
life
thankful
phone
rule
car
thing
note
scare
shit
scare
internet
remember
addict
lmao
whilst
mobile
phone
incredibly
notoriously
good
prevent
live
moment
recommend
set
rule
phone
phone
weekend
escape
technology
cbd
cbduk
cbdoil
phone
site
people
vibin
stick
phone
signal
pure
torture
work
phone
internet
funny
shop
survive
internet
work
feel
bad
oman
die
work
phone
tax
season
phone
decide
internet
week
week
work
landline
mobile
signal
mile
fault
report
friday
leave
phone
contact
emergency
service
child
internet
computer
bored
cellphone
bad
service
support
internet
resolve
active
ticket
solve
habe
opinion
feel
bereft
phone
phone
shit
kill
theongoingnightmare
internet
rang
meg
contact
internet
rang
speak
jason
work
carry
receive
contemplate
phone
internet
social
medium
feeling
freedom
time
google
map
phdchat
academicchatter
selfrestraint
crash
internet
connection
internal
wifi
card
faulty
replace
stick
wait
dud
repair
disappointed
internet
watch
tamasha
patience
joe
rogan
guest
speaker
talk
hinder
ability
fall
asleep
thing
phone
screen
bed
cool
turn
light
worth
watch
internet
problembut
phone
ego
worry
me.how
tak
pic
video
watch
week
exhaust
leave
cuba
thursday
week
vacation
internet
clueless
internet
poor
service
phone
mf
shoot
foot
eventually
internet
shyaad
tum
tum
nahi
hote
hum
bhi
nahi
hote
sadly
join
god
cool
period
head
sky
internet
lose
count
time
ring
provide
customer
service
manner
staff
rude
phoneless
week
week
fuck
suck
feel
bad
fiance
phone
poor
man
happy
phone
cute
would
beach
class
view
sip
cocktail
phone
care
ticket
maldives
happy
spend
entire
network
internet
service
jio
cost
time
proceed
priority
work
complete
frustrating
listen
customer
phone
internet
laugh
ass
throat
poor
serive
internet
connectivity
drop
poor
serivce
airtel
time
attend
fomo
increase
hide
cave
internet
family
friend
fantastic
week
phone
sight
people
vibe
live
middle
internet
beautiful
sorry
phone
dick
pride
year
meet
great
person
heartbreak
mathematic
phoneless
good
summer
internet
phone
live
unable
browse
search
airtel
number
internet
phoneless
evening
die
somizi
mohale
strict
phone
policy
wedding
morning
iphone
stop
middway
refused
phoneless
kmt
facksake
feel
friend
phone
word
sit
room
phone
bring
class
closer
poll
will
share
phoneless
year
old
lose
manhattan
survive
article
grade
class
scare
encourage
join
screen
free
childhood
mom
phone
internet
god
forbid
internet
leave
literally
media
load
homophobia
wanna
pic
caption
wangxian
married
ppl
relationship
good
bye
year
wid
vodafone
highly
dissatisfied
more
internet
speed
time
tired
service
phone
bad
flakey
internet
internet
camping
campground
discover
corner
bar
farm
house
field
life
joy
hope
internet
localhost
nice
good
phone
dang
lock
phone
birthday
love
phone
sleep
interruption
love
week
phone
eat
ass
logs
vacation
news
iowa
sotulog
live
island
internet
morning
resting
win
answer
phone
phone
minute
internet
carve
tick
mark
hotel
wall
terrible
customer
service
talk
internet
work
annoying
time
cancel
subscription
worth
money
wifi
tv
ridiculous
online
internet
weneedtheinternet
spectrumsittingonaticket
guy
damn
week
internet
insane
people
return
stick
internet
rest
mom
hot
spot
hug
pls
guy
qwq
room
internet
access
psych
hold
benefit
rest
week
internet
feb
resolution
complete
phone
time
phone
internet
people
phone
silent
kids
sleep
no
phone
will
wake
bright
guess
nice
phone
focus
seventeen
bring
powerbank
damn
girl
photographic
memory
usd
crappy
time
week
phone
bust
spare
charger
socket
jack
charger
internet
library
major
downer
uc
govt
smack
baseball
bat
everyday
good
stretch
morning
peaceful
meditation
healthy
phone
god
yoga
class
year
pathetic
medium
report
cockroach
internet
honestly
compare
people
leave
wuhan
eerience
coronavirus
evacuee
battle
cockroach
bad
internet
christmas
island
phone
internet
house
lake
nuf
wine
mariju
fresh
food
nearby
farm
noiseless
electric
boat
fuck
unifi
decidec
internet
apex
legend
season
fuck
jiofiber
jio
service
id
jio
voice
number
internetno
connectivitybullshit
result
depend
school
teacher
catch
class
phone
rule
class
lesson
greetingskindly
refresh
account
internet
access
agree
internet
flaky
internet
post
flaky
internet
connection
fuck
dweebus
internet
connection
assuming
introduce
teacher
phone
sad
lesson
notebook
write
fuck
concept
fanfic
phone
atte
life
simple
internet
cell
phone
cool
pager
uh
phone
zone
enforce
fudge
understand
signal
internet
access
everyday
await
clear
southstation
boston
mbta_cr
communicate
mom
family
internet
food
house
internet
will
talk
start
phone
policy
week
internet
phone
love
elderly
mother
phone
wifi
sky
fob
promise
deliver
absolutely
shocking
service
can
contact
urgently
correction
handle
shit
kinda
enjoy
phone
thing
lot
time
sit
shit
distraction
man
digital
detox
extreme
town
phone
money
clothe
tomorrowunlocke
digitaldetox
nophonehttps
lobby
apartment
building
spawn
camp
man
minute
internet
tore
internet
write
porn
road
internet
connection
phone
life
letsgetit
unwell
internet
huhu
universe
hell
happen
bsnl
online
network
online
internet
internet
service
suck
spotty
service
outage
fuck
website
load
slow
internet
hate
stray
faith
time
place
tho
feel
good
wake
quiet
time
jesus
morning
minute
phone
bible
journal
reflection
multiple
disconnecting
issue
november
multiple
engineer
sort
internet
whatsoever
offer
refund
recompense
shockingservice
useless
badcompany
drop
week
phone
fuck
life
depressed
feel
internet
problem
virgin
medium
shit
area
uni
sick
dog
internet
tele
fuck
sake
time
deep
jungle
borneo
volunteer
live
local
tribe
orangutans
wild
electricity
hot
water
internet
signal
significant
excited
rid
old
fart
bullshit
nature
contact
ago
report
internet
work
phone
datum
department
resolve
happen
ability
edit
lineup
half
lock
phone
service
normal
change
problem
dead
dfsnba
commuteproblems
resort
internet
watch
forward
phone
tired
phoneless
internet
twitt
personal
hell
phone
ipad
bed
complaint
thing
normal
sit
network
signal
internet
phone
week
week
break
phone
work
unable
week
internet
internet
disappointed
vodafone
internet
january
spend
phone
agent
pass
terrible
customer
service
phone
hangout
week
nice
phone
access
big
stress
internet
patchy
phone
company
support
datum
barely
reception
completely
cut
normal
ago
budy
frustrated
internet
lie
kindly
connect
acc
internet
round
unfair
phone
tablet
headphone
phone
fume
paradise
phone
snap
pic
good
people
beautiful
place
story
internet
hrs
ridiculous
online
bsnl
network
orai
hrs
please
common
network
internet
bsnl
orai
poor
service
fine
place
thisso
phone
snap
picture
god
bank
brach
hingoli
internet
connectivity
bad
thing
branch
hingoli
pincode
maharashtra
yeah
boo
wake
nap
dark
cold
rag
head
phone
activity
period
wake
hate
thiss
morning
chris
fun
sleep
feel
laugh
louder
coffee
dear
quiet
morning
internet
housework
enjoy
chat
phone
good
wire
house
entire
family
freak
internet
ahh
internet
road
internet
trip
jammu
literally
feel
internet
phone
camera
purpose
dependency
landline
coordinate
clue
happen
fun
internet
problem
magnetic
background
music
shownubestleader
ourpromisetomonstax
internet
depression
phone
sight
vibin
island
internet
phone
people
food
drink
ocean
phone
die
ago
phoneless
recommend
channel
couple
internet
atm
stream
postpone
till
pray
tech
week
rough
point
phoneless
phone
shit
unlucky
break
phone
social
medium
lauryn
hill
phoneless
phone
dead
lose
phone
damn
service
fuck
sound
pretty
shady
tbh
oof
job
worry
year
current
job
hug
talk
phone
friend
lool
inshallahngl
worse
woman
cuz
internet
family
strict
religious
win
literally
lay
beach
completely
entire
weekend
phone
interruption
internet
check
snap
tho
online
phone
reception
there
could
handle
phone
pick
week
handle
straight
business
sun
sun
phone
social
medium
distraction
trip
peace
mind
phone
phone
watch
live
public
domain
rerun
taxis
sound
fun
vacation
accept
phone
endless
text
message
leave
fuck
periodt
phone
sight
school
kid
vibe
glad
work
phone
store
thay
shit
dumb
annoying
nomophobia
test
turn
completely
addict
phone
digital
detox
dead
internet
forward
work
internet
busy
opportunity
destroy
phone
laugh
louder
fml
play
simply
internet
bad
situation
internet
dear
god
cool
internet
great
internet
yay
rule
phone
technology
luck
phone
fuck
sake
slow
school
wifi
week
hrs
phone
pretty
bored
internet
tho
break
secrecy
privacy
avoid
unnecessary
drama
stress
ind
diff
stroke
diff
folk
talkin
hiding
ventn
mad
bad
time
occur
internet
good
blade
soul
hmm
internet
oof
aand
eduroam
love
study
building
site
internet
connection
internet
internet
morning
customer
care
couple
ticket
wait
frustrating
poor
service
power
cut
monday
phone
wifi
baildonlibrary
access
database
library
user
access
internet
sorry
hope
virginmedia
sort
problem
phoneless
asf
hrs
piss
strength
everton
bad
stream
freeze
min
scottish
highland
basically
internet
sad
music
video
work
wifi
data
work
properly
watch
watch
video
comment
loona_sowhathttps
phone
sight
people
live
moment
glow
download
ion
wifi
mutantfam
horrorfam
real
time
retweet
feel
appropriate
phone
zone
time
limited
time
darcy
joebob
teamtoddsters
family
erin
paul
davorka
hallows
pass
internet
bois
challenge
internet
life
challenge
advance
week
annoy
honestly
game
internet
connection
skin
win
complete
story
mode
krypt
honestly
fxcke
internet
promise
everyday
work
contact
openreach
acceptable
sim
replace
internet
january
raise
complaint
regard
luck
fine
opt
sir
internet
can
priority
relocation
guy
team
work
downstairs
relocation
morning
frustrating
hathway
internet
connection
absolute
shocking
service
proper
phone
eat
drink
active
lazy
chill
people
interact
people
pack
unpack
cable
internet
service
terrible
walk
country
stay
electricity
internet
food
stone
age
bed
personal
message
private
message
laptop
bookno
phoneno
journalit
pure
silence
darkness
good
sleep
eerience
time
wake
soothe
sound
rain
millionairesmindset
ready
god
store
bore
internet
connection
bull
market
food
delivery
service
addis
internet
power
humus
felafel
kill
evil
spirit
close
textaphrenia
laugh
louder
snow
fun
internet
service
phone
shit
lucky
bar
post
lolme
internet
work
wifi
work
daily
trust
great
internet
television
phoneless
fuck
suck
ball
monday
wednesday
internet
suspect
ignore
hope
annoyance
level
rise
tick
quietly
fume
port
vodafone
airtel
internet
customer
service
resolve
guy
stone
age
bad
place
toilet
basement
internet
connection
wifi
problem
internet
weed
low
dopamine
fuck
ball
countryside
good
nature
heal
bring
brink
year
week
phone
reset
exercise
black
dog
sleep
phone
room
people
dead
lot
phone
sick
lot
myfavoriteequationinvolve
wifi
kid
smile
internet
carmona
cavite
area
lunch
time
casimiro
townhome
phase
las
internet
inspect
check
asap
week
internet
patient
unlimited
internet
resolution
sight
bad
customer
service
money
stop
sorry
direct
message
youbguys
understand
frustrating
business
unreliable
internet
connection
wjole
morning
internet
word
fro
guy
writing
letter
hear
correction
photo
suck
nose
dildo
pretty
thankful
internet
early
wifi
air
wanna
difficult
eye
haha
wifi
couple
place
internet
connection
email
deadline
phone
weekend
kind
peaceful
internet
grow
live
fine
parent
live
fine
forget
adaptation
characteristic
human
adapt
phone
rule
bus
internet
counting
support
whatsoever.this
lack
service
tad
pathetic
internet
hell
phone
contact
friday
yeah
phone
facetime
internet
card
game
internet
house
thing
grim
longer
hold
quality
sound
longer
internet
potato
era
video
watch
film
potato
straight
vibin
phone
sight
room
state
phone
lay
weekend
chill
good
esports
lounge
opening
entire
time
discord
email
phone
office
nap
cesar
week
phone
genuinely
sad
guess
good
friend
marines
lolit
internet
soul
torture
body
wither
state
vjrginia
ateez
music
video
phone
occupied
wifi
watch
music
video
time
woulda
fuckin
internet
source
news
frasi
watch
party
goddamn
internet
crazy
suck
god
quiet
place
phone
silence
focus
voice
inside
time
dismiss
welp
lose
charge
cable
phone
internet
friend
irl
friend
message
live
good
life
damn
phone
hopefully
miracle
happen
live
dangerous
life
phone
accessory
cat
notice
proceed
lift
plastic
film
phone
tooth
guest
rockford
illinois
internet
wifi
desk
uh
phoneless
minute
season
play
work
wifi
at
stupid
borrow
people
sell
buy
sit
year
remote
tiny
dirt
road
wood
tiny
nice
town
berry
child
bit
bored
wifi
signal
laugh
louder
never
vacation
start
beach
child
lot
alcohol
internet
service
suggestion
place
