it is
you are
did not
do not
cannot
they will
there is
cannot
cannot
it is
i am
i have
he is
it will
i will
i will
it is
i will
is not
it is
it is
it is
i have
i have
there is
can not
did not
would not
it is
i would
do not
i will
where is
what is
it is
cannot
it is
what is
can not
you are
i am
would not
it is
i am
have not
i am
it is
i have
was not
cannot
will not
it is
it is
you are
i am
it is
cannot
it is
it is
it is
it is
could not
you are
we will
i will
will not
they have
they will
do not
it is
it is
you are
it is
would not
he is
cannot
we are
it is
i am
does not
it is
could not
it is
it is
it is
have not
it is
you are
it is
i will
i will
cannot
that is
do not
there is
do not
did not
will not
cannot
is not
i am
it is
it is
you are
you will
it is
that is
i am
he is
do not
it is
i would
does not
can not
you are
they have
that is
we are
you are
it is
there is
they are
it is
it is
i am
i have
have not
i am
cannot
cannot
i am
i am
i am
i am
i am
it is
it is
what is
cannot
i am
it is
it is
there is
it will
i will
i will
are not
that is
it is
i am
it is
we have
it is
do not
you are
you are
do not
cannot
i am
i have
