-or
-or-
a.k.a
abduct
abdullah
abi
aboard
abortion
aboundtf
abroad
absconder
absolutely
absurd
abt
abuse
abusive
acc
accept
acceptable
accepted
access
accesskashmir
acchedin
account
acct
achievehttps
acknowledge
acquainted
acre
acrylic
act
action
active
actual
adamawa
adapter
add
adderall
addiction
address
admin
admit
adobe
adoration
adore
adult
advance
advantage
advantagesdeep
advertise
advertising
affect
affirmation
africa
afternoon
aftersale
age
agenda
agent
ages
ago
agree
ahay
ahhhh
aim
airbag
airbnbwhich
airline
airpod
airport
airtel
airwave
akabir
alabang
alas
alberta
alcoholic
alert
alerting
alia
alieress
allmygsaregone
allowed
allsometimes
aloud
alright
altaf
alternate
alternative
altitude
amazing
ambassador
amber
ambition
ambulance
ammo
ananya
ancho
andheri
andrew
andrewclisham.com
android
anfield
ang
angel
angelistan
anger
angle
angry
announcement
annoyed
annuity
ano
anonymous
answer
anthophobia
antibiotic
antis
anxiety
apartment
apathy
ape
api
app
appeal
apple
appliance
application
apply
appreciation
apprise
approach
appt
april
aquarium
arabia
area
arena
armagh
arrest
arrive
arrow
article
asap
asda
asktwitter
asleep
aspect
ass
asse
assertion
assessor
asshole
assignment
assume
assumption
assurance
assure
atrocious
attach
attack
attain
attempt
attend
attention
audience
august
aunt
aurangabad
austria
austrian
authorie
automatically
availability
avoid
await
awake
aware
awwww
axxess
aylesbury
baby
back
backordere
backup
bad
badcustomerservice
badeline
badly
badservice
baffles
baharaaobaatkaro
bakarwal
bake
balabac
balloon
ban
baneyengebloody
bangor
banking
bar
barely
barlinnie
barn
barr
basement
basically
basketball
bastardize
bath
bathroom
battery
battle
bay
bcs
bcus
bday
bdoing
bear
beat
beauty
becasue
becided
bed
bedridden
beep
behaviour
belgaadi
belief
belt
bengaluru
berlin
bernie
best.no
bet
bhai
bhx
bias
biden
big
billion
bio
birthday
biscuit
bisexual
black
blackout
blackspot
blame
blayke
bleach
bless
blessedly
blink
bliss
block
blow
bluetooth
bluntbeen
board
boarding
boas
bond
book
bookmark
boone
boot
booth
border
bore
boredom
boring
bosse
bottled
bout
box
boyfriend
brag
brain
brake
bramalea
branch
brand
brandi
brat
braunfel
brave.internet
break
breaker
brejin
bret
brewing
bridgend
bring
broadband
broadcast
bromhof
brownout
bruh
bruhh
bruv
bsnl
bubloo
buddy
budge
build
builder
building
bullet
bullshit
bunch
bundle
bunker
bunny
burnley
bury
bus
busari
business
businessowner
busy
buy
buying
buzy
bye
byte
cable
cage
cake
cal
calculator
calendar
callcenter
camera
campaign
camping
canada
canadian
canberra
cancel
candidate
canyon
capable
capital
capitol
car
card
cardiff
care
career
careful
caribbean
carl
carpe
carrier
carry
cartwheel
caruso
case
cash
cat
catalogue
catch
cave
cday
ce
ceiling
celebrate
celebrity
cell
cellphone
cellular
celtic
census
center
central
centre
century
ceremony
certify
cespede
challenge
chance
change
channel
channelbut
character
charge
chargeback
chargerless
charlie
chasingnews
chat
chatapp
chaturbate
cheat
cheating
check
cheeky
cheers
chemical
chevrolet
chick
chicken
child
childhood
chime
china
chinese
chore
chris
christ
christians
chrome
ci
circ
circle
circumstance
circus
city
civilization
cj
claim
clashless
clayton
cleansing
clear
client
climate
clinton
clisham
clock
close
clothe
clown
club
clue
code
coercedrevenge
coffee
coin
coincidentally
collage
college
colonel
color
colour
colourpop
columbus
combat
comm
comment
commitment
common
commonly
communicate
communicatiin
communication
communicationmw
communion
community
commute
company
compare
compassion
compatibility
compensate
compensation
complae
complain
complaint
complement
complete
completely
compliant
comprehension
computer
comrmmication
concern
concrete
conditioning
confidential
confinement
confirm
confirmation
cong
congestion
congrats
congratulation
connect
connection
connectivity
conscious
consecutive
conservative
consistently
constant
constantly
consumer
contact
contacted
contaminate
content
contents
contest
continue
continuity
continuously
contract
control
controller
convenient
conversation
convinced
convo
cook
cookin
cool
cornea
corner
correct
correction
corrupt
cos
cost
could
couldn
count
counter
countless
country
county
coup
couple
courier
court
courtesy
cousin
cover
coverage
coworker
cranleigh
crash
crate
create
creator
credit
creek
crib
crime
cross
crossing
crt
cruelty
cruise
cruz
crying
ctr
cudnt
culture
cunchofbunts
cup
curfew
curfew.there
curfewno
current
cursed
curtesy
cushion
custody
custom
customer
cut
cutting
cvs
cvscannotdoitsjob
cw
cy
cyberphobia
cyberpunk
dad
dale
dallas
dam
damage
damm
danger
darkness
darlington
das
dashboard
dat
date
daughter
davao
david
day
days.for
dazzle
dbdbbd
deactivate
deactivated
dead
deal
dean
dear
debate
debit
debunk
dec
decade
deceased
decide
decision
deduce
deep
default
defecting
defective
defend
definately
definetly
defy
delay
delete
deleting
deletion
delhi
deliver
delivery
deluxe
demand
democratic
democrats
den
dense
deny
depart
department
departure
depend
dependent
depress
descubrir
deserve
design
designate
desktop
destination
detain
detainment
detect
determine
develop
device
devil
dew
dfecd
diagnostic
dial
die
diem
difference
difficult
digital
din
dining
dinner
dinosaur
dire
direct
directtv
disabilitie
disappear
disappoint
disappointing
disappointment
disaster
disconnect
disconnecting
discord
discuss
disgraceful
disgust
dishonest
disobey
dispatch
displaying
disrupt
distraction
distribute
district
disturb
disturbance
ditto
diving
dm
dm'ed
dmed
dms
dng
doc
docker
doco
doe
doki
dollar
don
donnie
donotuseparcelforce
door
doubler
doubt
dowith
downhill
download
downside
drag
drain
draw
drawing
dreadful
dream
drench
dress
drinking
drive
driver
drm
drop
drumsauw
dstv
dv
dvd
dweebs
ea
eagle
ear
earlier
earn
earner
east
easy
eat
eater
economy
edit
education
educational
eect
eecte
eed
eel
eenditure
eensive
eerience
eerienceso
eert
effective
effort
efik
eitherwe
ejipura
ekart
elain
elanation
elder
ele
elect
election
electoral
electricity
electronic
elgato
elode
elon
elx
email
emailing
embarrassing
embassy
emergency
emission
emotion
employee
encounter
encrypt
enentially
engagement
engineer
engineering
english
enjoy
ensure
entail
enter
entertain
entertainer
entertainment
entire
entrepreneur
entry
envelope
envious
epicentre
episode
equipment
er
era
eress
eric
errand
error
escalate
escalation
esl
essential
essex
estimate
ethernet
ethnic
eu
evacuation
evangelical
evelop
evening
event
eventually
eventuated
everyday
everytime
evildoers
exact
exasperate
exception
excited
excuse
exempt
exfill
exist
existence
exit
external
extinction
extortion
extra
extremely
eye
eyewash
face
facebook
facilities
facility
fact
fail
fair
faith
fake
fall
famous
fan
fancam
fanfic
fantasy
farm
fart
fast
fastfall
fatc
fate
father
fatherless
fault
favorite
favourite
fax
fckn
fear
feature
fee
feed
feedback
feel
feeling
feels
feesi
fella
female
ffxiv
fi
fiber
fiberoptic
fiction
fictional
field
fight
figure
fil
file
filing
filler
filling
final
finally
finger
finish
fio
fishing
fixit
fl
flame
flare
flash
flight
flipkart
flipkartsupport
flnew
flourish
flow
flower
fluctuate
focus
fog
folder
folk
folks
follow
foodno
fool
force
foreseeable
forest
forever
forget
forgetting
form
fortnight
fortnite
forward
fossil
fourinabe
fourth
france
fraud
free
freedom
freeze
freind
fri
friday
fridaymotivation
friend
friendly
friends
friendship
friggin
frnd
frozen
frustrated
frustrating
ft
fuck
fuckkkk
fuel
fulfill
fully
fumble
fuming
function
functional
fund
funtion
furious
fursona
future
gain
galore
game
gang
garib
garibrath
garrett
gas
gasoline
gatr
gay
gb
gear
geez
general
generalstrike
generation
geraldine
germany
gervais
gesture
getaway
getitsorte
getmeoutahere
ghati
giffgaff
gifs
gig
girl
girlfriendi
gitlab
giuliani
glad
glamour
glasgow
glitch
globe
glow
gmail
gmc
gn
goal
gobackmodi
gogosmart
golden
golf
good
goodbye
goodness
google
gossip
govt
gp
gpa
grab
grade
graduate
grand
grandma
granted
grateful
gravel
greece
grid
griefe
grmony
gromit
ground
group
grow
gslogless
guarantee
guess
guest
guild
gujjars
gunna
gut
guy
habit
hades
hague
hahahah
hair
hairspray
half
halfway
hall
halton
hamburg
hame
hamsafar
hand
handle
handler
handset
happen
happily
happy
harbour
hard
harry
harvey
hate
hater
hav
hazel
hd
hdcp
hdmi
head
headache
headie
health
healthy
hear
heartbreak
heaven
heavenandhell
height
heights
heliophobia
helllll
hellooo
help
henley
hermes
hexakosioihexekkontahexapho
heyepuzzle
hidden
hide
highly
highlyirresponsible
hike
hiking
hill
hillary
hindu
hinjewadi
hire
hitachi
hm
hngggg
hoe
hold
holder
holiday
homele
homeless
homesteaders
homophobia
honest
honestly
hongkong
hook
hope
horrendous
horrible
hospital
hospitalizedi
hospitalsno
hostage
hot
hotel
hotline
hotspot
house_of_bts
houseall
housing
hrs
hs
hub
huddle
huge
human
hundreds
hunny
husband
hustlelikesis
hv
hydrate
ian
ibibio
ibternet
idea
ideological
idiotinchief
ifs
ignore
iguana
illinois
illness
illustrator
image
imagine
imc
immediate
immigrant
immoral
impeachandremove
impeachthepres
impose
imposible
improve
imrans
ina
inactive
incapable
include
income
incompetence
incompetent
inconsistency
increase
incrementally
india
indiangovernment
ine
ineedinternettolive
info
information
informative
infrequent
initiate
inktober
innovation
inquire
insecurity
inshallah
inside
install
instant
insurance
insure
integrate
intense
intentional
inter
interaction
interested
interesting
intermet
intermittent
international
internet
internetno
interrogation
interruption
interview
intrigue
involve
ion
ios
ipad
iphone
iraq
iris
irksome
irony
isapashowingonwednesday
isissaviortrump
island
isn
isolate
issue
issuewith
istg
item
itim
itstartswithin
ivanka
jacket
jackson
jail
jammu
jammuandkashmir
jay
jean
jesus
jet
jibe
jihadis
jimin
jio
jiofibre
jiving
joaquin
job
john
join
journal
journey
joy
judge
jukskei
july
jumpin
jungkook
jungle
junkieeople
jus
justify
kakamega
kanye
kare
kasangati
kashmir
kashmirchainedmodi
kashmiri
kashmirie
kashmiris
kashmirneedsattention
kashmirstillundercurfew
kawhia
kb
kbs
kendarik
kene
kent
kettle
keventers
key
kharmang
kidsjudge
kill
kind
kinda
kindle
kindly
kirstyb
kitchen
kitetika
kms
kne
knee
kno
knock
kofi
kolkata
kompromat
kota
kro
kt
ku
kuch
kurdishallies
kurdsbetrayedbygop
kurdsgenocide
kut
labour
lack
lady
lagos
laidd
lake
lakh
lan
land
landline
landlord
lane
langley
language
large
las
lastnight
latam
late
laugh
launch
law
layaway
lbs
lead
leader
leak
learn
learner
learnt
leave
leery
leftist
legal
legend
legitimately
legitthe
lekki
lengthy
lepak
lesbian
lesson
lessonslife
letsuniteforkashmir
letter
level
levelsand
liam
liar
liberty
library
lie
lift
light
lightstream
likeno
liliana
limit
limited
linesman
link
lipitor
lisa
list
listen
listening
literally
live
liverpool
living
lmfao
lmfaooo
lml
loaner
location
lock
lockdown
logical
login
logless
lol
london
longtermcare
longto
loob
loot
lord
lose
loser
loss
lot
loud
love
lovely
low
lowbat
ls
ltci
lte
luck
lucky
luggage
lunch
luteyan
lwoodhall.com
machine
madam
madeline
magazine
maharrrrs
maharrrrsohmaygastos
mahony
mail
main
maine
mainemendoza
major
majority
maltreated
mama
man
manage
management
mandatory
manhattan
manual
manually
manufacturer
manyvids
map
maps
marine
market
married
marshall
masjid
mask
mass
massacre
master
match
material
materialize
matt
matter
mature
mauricio
max
maximum
maxis
maybebychristmas
mbuya
meal
meaning
media
medical
medicine
medium
meet
meeting
mehbooba
mehta
mek
melania
melb
meltdown
member
mentally
mention
menulog
mercurio
merger
mersey
mesa
mesh
mess
message
messaging
met
metal
metra
metro
mfs
mi
michael
microwave
middle
midnight
migrant
migrate
migration
milder
mile
military
millionaire
min
mind
minebut
minecraft
mineistg
minnie
minute
mirada
mississauga
mistake
mistakenly
mixed
mjfam
mobile
model
modem
modern
modi
moment
monday
monger
monthly
mood
morning
morse
mother
motion
mount
mountain
mouse
movie
mr
mtn
mufti
mukhtaruddin
multi
multiple
mum
mumbai
muna
munic
murder
murray
mute
mvp
mylirr
myntra
mysore
n00b
naaaaah
nap
narcissistic
nasheed
nationwide
naturally
nature
nawa
nbadfs
nbn
ncaaf
ndnxm
ndtv
ndtvnewsbeeps
necessity
neck
needful
needy
negativity
neighborhood
neighbour
nephew
nervously
netflix
netstar
network
neverflytap
newark
news
newsome
newspaper
nhe
nice
nidhi
nigeria
nigga
nin
no
no0blet
noble
nointernetconnectivity
nomanner
nomophobia
nonsense
noon
nopogo
normal
north
noservice
nosignal
nosignalpodcast
not
note
notice
nottinghamshire
november
nowthere
ntc
ntp
nub
nuclear
number
numberord
nun
nwsc
ny
nycc
nz
oann
obvious
obx
occur
ocean
october
odd
odonnell
off
offer
office
officer
official
officially
offline
offthewall
ohmaygastos
oil
old
oligarchy
omar
oneplus
online
onlyfan
open
opening
operate
operating
operation
operator
opinion
opioid
opposite
opposition
oppressive
opt
option
options
ord
order
ordre
ore
org
organization
original
orthodontist
ours
outage
outlaw
overabuse
overdraft
overnight
overwatch
oxford
pa
pace
pack
package
padar
paid
pain
painful
painfuljourneys
painting
pak
pakistan
pakistani
pal
palawan
pallet
pamphlet
pang
panic
paper
para
paranoid
parcel
parent
park
parking
parole
partner
partnership
party
pass
passenger
password
patch
pathetic
patience
patient
pattern
pause
pavia
payment
paypal
peace
peasant
pelican
pelter
penny
people
pepperfry
perfect
perform
perfume
period
permission
person
persona
personal
personality
pet
peter
peterborough
petty
pg
pgepowershutdown
pgeshutdown
pharmacy
phillips
phlag
phneand
phobia
phobophobia
phoenix
phone
phoneless
photo
photography
phubbe
physical
physically
pic
pick
picture
pill
pin
pinapasagutang
pint
piss
piyushgoyal
place
plague
plain
plan
plane
planning
plant
play
player
playhmm
playset
playstation
pldc
pldt
plead
pleasemreturn
pleasure
plenty
pls
pluck
plug
plugging
plumbing
plywood
pm.no
pmokay
podcast
point
poker
pol
policy
political
politically
pon
poor
poorcustomerservice
poorly
popmaster
popular
populous
porch
portable
portray
positioning
positive
post
postcode
posting
postpaid
potang
poverty
powai
power
poweroutage
ppease
practical
practically
practice
prakashbajpai
prayer
precisely
preferably
pregnant
pregsomnia
premise
premium
prepaid
preparation
prepared
presence
press
pressure
prestigious
pretty
prevalentapex
prevent
price
primitive
print
prison
private
pro
problem
probs
process
processing
produce
producer
product
productfee
production
prof
professionally
project
projection
promise
promote
properly
property
protect
protest
prove
provide
provider
provision
proximity
psu
psychological
psychology
psychopath
pt
pub
public
pull
purchasing
purged
puritans
purpose
purse
pus
putin
puzzle
quality
queens
queue
queuing
quick
quiet
quirindi
quote
qvc
race
raconteurs
radio
radius
railroad
railways
rain
raise
rama
rare
rarely
rath
rating
rb
reach
read
reading
readings
real
realise
realize
reason
reassure
rebellion
reboot
rebrande
recall
receipt
receive
recentlyconstant
reception
recession
recharge
recieve
recipt
recode
recommend
recommendation
reconcile
reconnecte
recover
rectify
reddit
redforkashmir
ref
referee
reference
reflect
reform
refuge
refugee
refund
refunded
refuse
regard
regards
region
regional
register
regret
regrettably
regular
regulation
rehab
reimburse
reinforce
reinstate
relationship
relative
relaxation
relaxing
release
releasef
reliability
reliance
rely
remain
remarkable
remember
reminder
remote
remove
renegade
reopen
repair
repeat
replacement
reply
replyyyy
report
request
require
requirement
reschedule
research
resentment
reset
resilient
resistance
resolution
resolve
respect
respectful
respond
response
responsibility
rest
restart
restaurant
restock
restore
result
retail
retreat
return
retweet
reunion
revert
revolut
rick
riddle
ride
ridiculou
ripping
rise
riskhttps
roam
rogers
role
roll
rollercoaster
roof
room
rough
route
router
row
rpyegi
rss
rub
rubbish
rule
rural
rurale
ruraledchat
russia
sacrifice
sadly
safaricom
safety
sake
sakin
salary
sale
saltdean
sam
sameyou
sample
samsung
sander
sandwich
sandy
santa
sarasota
satellite
satisfy
satu
saturday
saturdaythought
saudi
save
saving
sayseert
scale
scan
scanner
scanning
scare
scary
scene
schedue
schism
school
science
scold
score
scotland
scratched
scream
screen
screw
script
search
seat
seatbelt
seattle
secession
secret
security
seeee
select
selection
sell
seller
semester
send
senior
sensible
sep
separatist
sept
september
seriously
serve
server
service
sesi
set
setting
settle
sevice
sewer
sex
sexton
sexy
sh
shame
shameful
shameless
share
sharing
shatter
shawinternetsucksrightnow
shazam
shelor
shelter
ship
shipping
shirt
shitti
shocked
shocking
shop
shortly
shouldav
shout
shoutout
shut
shutdown
shutoff
sided
sidewalk
sight
sign
signal
signaldstv
significant
signing
silent
silver
sim
simi
simple
simply
sindh
single
sir
sister
sit
site
sittingbourne
situation
size
sj_time_slip
skatty
sky
skybroadband
slam
slap
sleep
slight
slip
slow
slowly
slut
small
smart
smh
smith
smth
sneak
social
software
solar
sold
solitary
solo
solution
solve
somthe
somuchfun
son
song
sooo
soooo
sort
soso
soul
sound
source
sovereignty
space
spalding
span
spaz
spazzz
speak
spectrum
spectrumoutage
speech
speechless
speed
spend
spending
spirituality
spoilage
spoken
sponsor
sporadic
spot
spotify
spring
sprint
squareonemj
squat
sr
sree
srinagar
srq
staff
stall
stand
standard
stanley
start
starts
startup
state
states
status
stay
steal
sticker
stimulation
stock
stone
stop
storage
store
storm
story
stourbridge
straight
strand
stranger
strategy
stratford
stream
streamalso
streami'm
street
strength
strict
strike
strong
struggle
stubborn
stuck
student
subject
submitting
subpeona
subscribe
subtext
success
suck
sudden
suddenly
sue
suffer
suffering
sufferone
suggestion
suite
summer
summercamp
sunday
sunlight
super
super_clap
supercomnet
supervisor
support
supporter
suppose
supreme
suprise
surfer
surfing
surprised
surrey
surround
survive
suryaebsemp
suspicious
suvival
svc
sw
swear
switch
switching
syndrome
syria
tablet
tabletop
tackle
talk
tangina
tapos
taraba
task
taylor
tea
teach
team
teammate
teampulte
tear
technician
technology
technologyfact
technologyfear
technophobia
teen
teenager
telephone
telephonophobia
telus
temple
temporary
tenant
tend
tenner
term
terra
terrible
terrorist
testify
testimony
texas
text
texte
texting
thames
thane
thanx
thdayofcurfew
the
theft
thibault
this'll
thomas
threedown
threemobile
threenetwork
threesome
threeuk
thrice
thrive
throttle
throw
ticket
tie
tight
tik
tikona
till
time
timewarner
timid
timing
tina
tmobilefail
tmr
tock
todd
tok
toll
ton
tone
tonightit
too
tookjammu
total
touch
tourney
tower
town
tpeoorhh
trace
track
tracking
trade
trading
traditional
traffic
trail
training
trainno
trannie
transfer
transgender
transister
transistor
transphobia
transvestite
trap
trapinch
trave
travel
treat
treating
trial
tribe
tricky
trigger
trouble
trump
trussel
tuesday
tunisia
tunnel
turkey
turn
turtle
twin
twitch
twitter
twitterphilanthropy
tx
typewriter
typing
ubereats
ubi
ubis
ubisoft
ufcboston
uk
umm
un
unable
unacceptable
uncontactable
underline
understand
understood
uneducated
unfair
unique
unit
united
universal
university
unlawful
unlimited
unlocked
unmatched
unpack
unplug
unplugged
unposted
unprecedented
unprofessional
unresolved
unspoken
upcountry
upgrade
upload
upno
upset
urahara
usado
usage
usb
uscellular
useless
user
usual
usurious
utter
utterly
vacation
vacay
vaccine
vadodara
valley
valmikis
vehicle
vent
verified
verify
verizon
version
vibe
vibin
vibration
vicky
victim
victory
video
videos
vienna
view
viewer
village
virually
visa
vision
visit
visitor
vital
vm
vodafone
voice
voluntary
vote
voter
vpns
vsco
wage
wahi
wait
waitress
wake
wala
wales
waling
walk
walker
wallace
warcrimes
warning
warrior
washing
waste
watch
water
watertown
wave
waver
wear
web
webchat
wednesday
weee
week
weekend
weekly
wef
weigh
weird
wells
welp
wembley
wen
werris
westminster
whatsapp
whatsoever
whilst
whisper
white
whitehouse
whowaaaaaaaaaaaaaaaa
whyyy
wi
wide
wife
wifi
wimax
win
window
wine
winter
wire
wisconsin
wit
withoot
wlan
woke
woken
woman
women
wonderful
wonderfullimitation
wood
word
work
workday
worker
workout
workshops
worldmentalhealthweek
worried
worry
worsttttt
worth
wow
wrist
write
writing
writingcommnunity
wrongfully
ws
wtf
wudda
xbone
xbox
xfinitywifi
xiaomi
xj
xmas
xray
xx
yaad
yay
yeahhhh
year
yellow
yer
yhere
yike
yoo
young
youngs
yous
youth
youtube
yrs
ystrday
yu
yup
yurt
zack
zomato
FALSE