what the fuck
won
WiFi
I
had
tomorrow
and
until
now
signal
where
is
barely
but
i am
read
Jin
Black
and
James
Corden
.
Love
love
love
Jin
is
.
signal
again
going
compensated
for
all
calls
ve
missed
and
can not
make
laugh out louder
gonna
next
year
Slow
is
worse
than
.
PSHE
,
supply
,
policy
,
constant
abuse
as
result
,
limbs
wifi
will
Let
me
.
regular
day
laugh out louder
#Day
of
this
is
killing
me
rule
while
hanging
out
is
must
.
Ha
Signed
and
was
taken
away
.
saw
and
thought
.
Sunday
on
inter
web
.
Well
after
got
of
.
lady
is not
speaking
me
,
was
supposed
her
old
bike
.
(
But
she
doesn
kno
flying
sydneyTheres
wifi
this
plane
will
yeet
myself
site
.
Jus
vibing
Excited
for
little
service
for
next
week
.
ve
been
without
service
for
nearly
hours
with
Finally
,
i am
Having
for
more
than
week
is
very
difficult
This
is
killing
me
I
have
for
week
I
cant
wait
for
these
villa
vibez
is not
answering
Not Online
unless
it is
nessa
asking
she
need
help
till
then
i will
answer
it is
niece
i
have
almost
signal
here
goodbye
for
days
says
connection
and
on
twitter
it means love
what the fuck
Mkbhd
says
correct
is
better
than
slow
this
slow
is
making
me
I
tried
this
but
apparently
habit
is
every
take
flip
through
chrome
tabs
and
ended
wasting
more
frustration
of
I
need
full
day
all
myself
.
.
company
.
and
quiet
.
Day
of
at
.
i
p
is
really
me
over
,
there is
wifi
connection
and
cannot
even
watch
yaoI'm
on
,
,
signal
over
here
either
.
This
is
happening
only
because
of
TRS
is
supporting
AIMIM.No
since
days.If
is
on
&
or
any
other
places
fight
against
this
are
these
called
seculars
speaking
now
And
really
way
spend
with
teenagers
-
WiFi
-
,
what is
with
connection
texts
,
leaves
me
water
i have
for
md
evening
running
.
Got
light
on
router
and
rebooting
does
nothing
.
Came
on
it is
yesterday
would
what is
going
on
.
Missed
TV
i am
paying
for
again
today
i am
very
.
me
,
myself
,
and
until
Monday
unacceptable
service
.
tried
an
engineer
poorly
installed
cable
and
tell
me
next
available
appointment
is
weeks
,
supposed
have
nor
landline
until
then
service
provid
Let
turn
altogether
shall
Black
&
white
TV
,
,
mobiles
,
embrace
fax
.
Where
want
stop
smartphone
.
horrible
machines
.
old
.
mast
other
side
of
village
upgrade
last
year
.
still
of
us
have
signal
.
phones
are
worst
,
i have
accepted
at
this
meets
criteria
will
ever
out
again
probably
phoned
on
Wed
give
days
cancellation
notice-was
immediately
and
was
told
it is
reconnect
me
without
waiting
days
Customer
service
ve
received
-
shocking
m
now
two
weeks
with
#plusnetn
for
tonight
Welp
lost
temporary
now
comptely
phoneless
.
Have
for
days
and
miss
everything
Having
wifi
is
killing
me
,
any
at
,
watch
anything
decent
on
tv
and
use
for
anything
is
signal
again
some
parts
of
Co
Monaghan
,
there is
health
care
workers
,
who
rely
on
PHONES
,
there is
who
are
vulnerable
who
need
PHONES
I
have
signal
out
driving
MISS
i
have
almost
wtffg
our
has
still
been
restored
.
days
very
erratic
service
and
now
last
days
from
Jan
is
access
at
all.This
is
acceptable
bearing
mind
have
programmed
outage
coming
wifi
for
day
was
best
ever
I
cant
even
watch
rnno
wifi
use
with
vpn
say
Connection
.
Facebook
is
for
.
I
go
village
.
Is
me
sitting
for
hours
straight
with
nothing
else
than
sleeping
and
get
theres
have
use
and
theres
nothing
than
talk
others
.
And
problem
is
talking
idiocy
on
continues
,
avoid
THIS
on
next
flight
,
what
is
phubbing
and
much
more
#Podcast
was
literally
middle
of
nowhere
.
couldn
wash
our
clothes
or
go
online
(
was
wifi
)
,
was
tv
,
nothing
of
luxury
.
but
was
still
of
best
holidays
had
.
it is
literally
,
,
hills
,
forests
&
new
Photographer
AndrewTorrez
,
-
"
d
rather
,
especially
without
any
communication
,
,
cell
service
(
into
photo
archives
)
"
#NewMexico
#roadtrip
#travel
#weekendgetaway
#daytrip
Connects
Wi-FiWi-Fi
access
hurts
but
move
.
sight
,
vibes
still
since
Saturday
and
now
m
told
might
til
Thursday
#surprised
#nothappy
#remoteworker
Fourth
brand
new
still
connection
all
day
every
day
half
canceled
next
This
is
I
love
being
phoneless
me
Unreachable
is
WiFi
on
flight
.
How
supposed
go
on
.
#Millennials
I
need
self
vacay
&
social
media
.
me
and
thoughts
room
complete
silence
with
paper
,
pencil
,
&
bible
.
[
Would
rather
have
heating
/
conditioning
or
]
i would
rather
have
.
it is
too
or
,
change
clothes
freaking
out
because
have
signal
kept
routine
,
managed
health
,
did
and
thatd
it is
noon
.
I
live
on
farm
outside
of
town
.
only
get
is
satellite
.
cannot
watch
much
across
.
rains
have
.
have
cell
signal
also
.
sucks
but
live
,
accounts
.
of
older
accounts
is
pointed
an
old
and
for
Lots Of Voluntary Effort
Old Fart
Google
will
on
or
three
others
.
Info
Totally
.
live
chat
.
.
circle
jerk
Honestly
ll
admit
idgaf
have
nomophobia
,
m
Addicted
Aww
.
Hope
okay
.
rest
always
chills
me
out
.
go
camping
where
is
signal
.
Take
care
xx
hands
virtual
cup
of
tea
Planning
hav
socmed
detox
for
week
.
Andddddddd
or
any
device
.
Hahahhaa
I
was
phoneless
Tryingto
from
.
access
.
#comcastoutage
stream
because
apparently
have
today
.
honestly
defeated
and
win
laugh out louder
want
crawl
into
bed
LMFAOOOOOO
force
us
into
day
on
thursday
Make
an
Equity
issue
for
need
classroom
.
Next
PL
Each
newspaper
and
assign
them
research
next
vacation
.
,
.
Analogy
Now
how
students
are
hindered
are
asked
research
class
w
/
o
technology
I
trying
from
until
morning
tonight
because
keep
scrolling
away
should
having
bath
(
without
)
and
reading
(
without
)
and
talking
(
WITHOUT
)
and
getting
on
nerves
I
could
murder
someone
.
new
router
came
,
second
ANOTHER
Thursday
makes
TWO
WEEKS
.
m
seriously
get
new
provider
Literally
Not Online
at
all
at
right
now
,
what
while
unpack
but
have
dvds
m
I
have
adhd
straight
can not
classes
without
doing
something
else
.
tried
pay
attention
once
with
distractions
opening
new
tabs
nothin
and
almost
DIED
can not
live
I
drive
silence
more
often
than
,
think
clearly
.
,
talking
me
.
me
.
I
wonder
how
would
give
teenager
text
/
call
with
access
.
would
have
very
strong
suppose
.
Week
with
.
#feelsbadman
only
brought
Apple
Watch
for
cause
tried
get
strict
on
policy
Caught
,
.
On
Today
seconds
quite
literally
saved
lives
i am
thankful
have
rule
,
because
could
very
different
right
now
did not
.
(
Side
note
are
all
ok
,
scared
out
of
me
)
scared
of
remember
thought
was
addicted
Whilst
phones
are
incredibly
useful
,
are
notoriously
at
preventing
us
from
living
present
moment
.
recommend
setting
some
rules
of
use
.
Perhaps
after
pm
Or
weekend
escape
with
technology
#cbd
#cbduk
#cbdoil
site
vibin
ever
been
stuck
somewhere
by
yourself
for
more
than
an
hour
with
signal
Today
at
,
we have
had
and
.
Funny
way
shop
.
Survived
though
.
i
have
at
and
get
anything
done
.
this
feels
bad
omen
gonna
m
dying
at
with
tax
season
is
here
and
this
what
decides
for
at
least
week
and
this
is
week
have
days
from
pay
.
for
landline
-
because
have
signal
within
miles
-
have not
yet
fixed
fault
reported
on
Friday
,
leaving
me
with
and
means
of
contacting
emergency
services
etc
.
with
children
I
have
on
i am
bored
only
use
cellphone
Worst
service
support
last
days
..
Resolving
active
tickets
without
solving
..
habe
any
opinion
i
bereft
with
#Day
of
this
is
killing
me
#theongoingnightmare
went
at
approximately
pm
today
,
rang
Meg
,
but
did not
get
far
,
could not
contact
as
,
,
rang
and
spoke
Jason
,
who
said
was
being
carried
out
,
even
though
had not
received
m
Contemplating
going
with
or
social
media
.
miss
feeling
of
freedom
,
but
at
same
m
what
google
maps
welcome
#phdchat
#AcademicChatter
#selfrestraint
keeps
crashing
and
has
connection
at
all
.
Been
told
it is
internal
WiFi
card
is
but
will not
take
TV
and
replace
stuck
waiting
for
this
dud
repaired
.
i am
really
disappointed
with
all
.
for
days
now
.
m
watching
this
tamasha
.
patience
is
running
out
.
Joe
Rogan
had
guest
speaker
who
talked
what
hinders
fall
asleep
at
night
.
/
screens
an
hour
before
bed
,
yourself
,
turn
all
lights
,
etc
.
Worth
watch
problembut
at
all
com
on
,
ego
worry
me.how
tak
pics
and
videos
watch
after
weeks
is
exhausted
i am
leaving
for
Cuba
on
Thursday
for
week
vacation
.
though
.
will
clueless
get
.
despite
paying
have
.
service
I
ain
never
going
thru
cause
will
themselves
eventually
would
then
what
would
shyaad
tum
tum
nahi
hote
or
hum
bhi
nahi
hote
Sadly
join
,
thank
for
days
cooling
period
heading
sky
,
for
hours
is
joke
,
lost
count
how
times
had
and
some
should
provide
customers
service
manner
staff
totally
she
was
i have
been
phoneless
for
week
and
week
really
sucked
.
felt
bad
for
fiance
kept
using
his
was
get
his
yesterday
was
Would
much
rather
on
beach
with
class
view
sipping
cocktails
all
day
,
and
cares
me
myself
and
I
.
way
ticket
Maldives
and
ll
I
have
spent
entire
today
with
network
and
services
by
#jio
.
only
cost
me
,
but
also
,
could
proceed
with
priority
works
.
complete
frustrating
day
Who
will
listen
customer
will
get
phones
tv
Laughing My Ass Off
will
each
other
throat
on
second
day
very
very
serive
..
connectivity
..
call
and
much
serivce
#airtel
For
first
since
(
#
I
)
i am
attending
.
#FOMO
has
been
really
increasing
last
few
days
,
considering
hiding
cave
with
.
Really
missing
all
and
friends
.
Have
fantastic
week
at
#
I
sight
vibing
I
may
live
middle
of
nowhere
,
with
,
but
is
.
but
have
thats
longer
than
take
year
met
person
,
first
heartbreak
,
on
further
mathematics
,
phoneless
for
while
,
had
best
summer
ever
How
would
live
Unable
browse
or
even
search
anything
Airtel
from
hours
Been
phoneless
since
yesterday
evening
almost
died
Somizi
and
Mohale
had
very
strict
no-phone
policy
at
wedding
,
here
.
since
morning
iphone
has
been
updating
stopping
middway
then
updating
again
.
Has
REFUSED
on
i am
phoneless
kmt
me
today
FACKSAKE
Page
of
"
Whenever
alone
,
with
friend
.
Who
has
"
Go
words
Sitting
room
with
definitely
brought
some
of
class
closer
POLL
Will
sharing
"
Phoneless
-
Year-Old
Was
Lost
Manhattan
and
Survived
"
article
(
)
with
our
second-grade
class
scare
them
too
much
Or
will
encourage
them
join
us
screen-free
childhood
(
i am
.
)
or
forbid
.
i
have
,
literally
media
is
loading
this
is
homophobia
see
pic
captioned
"
wangxian
married
"
,
is
too
much
ask
for
This
is
how
end
relationships
.
Bye
years
wid
vodafone
.
Highly
dissatisfied
.
More
than
months
speed
.
move
on
..
of
calling
..
wont
.
thank
for
services
How
will
now
tell
have
Before Anyone Else
there is
worst
flakey
is
after
ve
had
camping
at
campground
and
then
discovering
corner
have
from
some
farm
way
across
field
and
fills
joy
and
hope
,
but
then
at
for
next
days.Welcome
localhost
for
"
"
was
locked
out
Twitter
due
on
birthday
and
and
love
Nights
with
calls
or
interruptions
are
love
weeks
&
Eat
Logs
after
vacation
Sees
news
Iowa
and
SOTULogs
out
and
considers
living
on
an
island
with
again
.
call
me
at
/
morning
,
m
resting
and
won
answering
.
nothing
for
days
.
minutes
of
.
i have
begun
carve
marks
into
hotel
such
terrible
customer
service
and
talk
.
at
E
since
yesterday
.
can not
from
really
.
for
me
cancel
subscription
as
are
Definitely
worth
for
WiFi
and
TV
.
Ridiculous
.
Day
Not Online
Thanks
#weneedtheinternet
#spectrumsittingonaticket
missed
guys
too
~
,
almost
week
of
,
was
going
insane
.
<
what's up?
.
have
returned
.
was
stuck
with
for
rest
of
month
,
but
i am
(
At
least
for
now
.
i am
using
mom's
)
Give
me
pls
missed
guys
.
QwQ
should
room
with
access
for
hours
.
Consider
psych
hold
for
benefit
of
rest
of
us
.
A
week
with
and
now
being
told
th
Feb
for
resolution
complete
joke
Sometimes
wish
go
where
us
and
me
I
Keep
On
Silent
Cause
Dont
Have
Once
i am
Will
Wake
Me
looking
at
bright
side
,
guess
it is
..
,
focusing
on
seventeen
,
need
powerbanks
girl
photographic
memory
will
usd
Had
really
crappy
over
past
weeks
.
is
,
could
pay
,
got
spare
and
it is
socket-jack-not
.
except
library
.
Major
downer
.
UC
is
govt
smacking
with
baseball
everyday
and
ex
A
stretch
morning
after
some
peaceful
meditation
is
healthy
.
me
and
.
think
ll
take
some
yoga
classes
this
year
too
.
How
pathetic
is
this
media
report
-
cockroach
&
Honestly
compare
what
behind
Wuhan
are
eeriencing
.
Coronavirus
evacuees
battle
cockroaches
,
bad
on
first
night
on
Christmas
Island
phones
,
,
by
lake
,
nuf
wine
,
mariju
..
,
right
from
nearby
farm
,
noiseless
electric
all
with
Before Anyone Else
unifi
decidec
give
me
on
day
also
apex
legend
new
season
f
#JioFiber
#jio
Service
ID
Jio
Fixed
Voice
+
internetNo
connectivityBullshit
result
depends
on
.
At
mine
were not
allowed
them
,
but
teachers
knew
had
them
.
were
caught
using
and
class
had
rule
it would
get
taken
.
Other
classes
would
let
use
them
with
lesson
need
greetingsKindly
refresh
account
access
for
whole
day
I
think
all
agree
is
better
than
flaky
.
-
using
flaky
connection
SOME
dweebus
with
connection
m
assuming
Today
were
introduced
new
.
said
phones
.
was
for
lesson
.
On
second
took
notebook
and
wrote
whole
concept
for
new
fanfic
.
seems
having
does not
help
me
pay
atte
I
was
and
was
much
simpler
,
cell
phones
and
were
had
pager
.
Uh-oh
got
enforced
#FUDGE
I
never
understand
signal
says
it is
ok
but
get
access
here
everyday
as
await
for
all
clear
outside
#SouthStation
#Boston
on
#MBTA_CR
how
Well
communicate
with
and
even
with
and
.
how
much
more
and
tv
.
what
at
all
Will
talk
gotta
having
policy
.
st
day
week
and
have
for
tomorrow
.
Love
self
elderly
mother
has
now
been
alone
with
,
WiFi
or
sky
for
days
.
have
fobbed
her
every
day
with
promises
have
been
delivered
.
Absolutely
shocking
service
.
contact
me
urgently
please
.
Correction
might
this
other
first
,
kinda
enjoy
this
rn
..
gives
me
lot
of
look
at
.
distractions
This
took
Digital
Detox
extreme
,
trying
find
his
way
town
without
,
-
and
clothes
.
#tomorrowunlocked
#digitaldetox
#nophonehttps
/
/
I
of
apartment
building
spawn
camping
ups
.
have
been
here
for
minutes
.
Theres
.
tored
.
i am
writing
on
too
.
connection
.
on
#LetsGetIt
unwell
+
at
is
universe
against
me
today
what
happened
BSNL
Not Online
NETWORK
Not Online
service
sucks
.
i have
had
spotty
service
since
you all
"
fixed
"
an
outage
.
what the fuck
are
paying
for
most
websites
will not
due
slow
/
say
but
Definitely
find
myself
straying
away
from
faith
at
times
.
m
getting
and
feels
wake
and
have
quiet
with
mornings
.
minutes
,
bible
,
journal
and
some
self-reflection
.
necessary
been
having
multiple
disconnecting
since
November
,
multiple
engineers
have
been
and
it is
still
sorted
.
Now
whatsoever
.
offer
of
refunds
or
recompense
.
#shockingservice
#useless
#badcompany
ml
for
week
&
fuck my life
I
have
say
how
depressed
with
a
problem
with
media
.
doing
updates
;
m
uni
as
with
,
tele
nothing
.
sake
.
This
next
month
will
deep
jungle
Borneo
,
volunteering
and
living
with
tribes
helping
get
orangutans
out
wild
.
electricity
,
water
,
,
signal
,
Significant Other
EXCITED
RID
Old Fart
EVERYONE'S
and
at
with
nature
Contacted
few
hours
ago
report
have
.
working
from
and
using
all
of
is
department
call
have
this
resolved
As soon as Possible
This
is
what
happens
don
have
edit
lineup
during
last
half
an
hour-hour
before
lock
due
service
.
On
normal
day
would
have
been
able
change
this
with
problem
.
yesterday
.
Almost
last
.
#DFSNBA
#CommuteProblems
this
resort
got
cant
watch
Looking
forward
getting
today
of
being
phoneless
but
still
have
twitter
,
some
personal
,
and
iPads
are
put
away
go
bed
.
after
complaint
yesterday
,
seemed
normal
but
now
again
sitting
without
network
,
signal
This
cannot
go
on
this
I
have
made
calls
over
past
week
need
at
least
week
of
calls
make
for
I
from
and
have
been
unable
for
last
weeks
because
of
.
All
while
pay
for
do not
have
.
i am
really
disappointed
Vodafone
I
have
had
since
th
of
January
,
have
spent
over
hours
on
agents
and
get
passed
from
next
.
Terrible
customer
service
hangout
by
next
week
.
or
.
v
being
able
access
outside
was
probably
biggest
stress
.
.
patchy
company
doesn
support
and
barely
ever
get
reception
,
completely
from
.
This
was
normal
ago
,
budy
are
very
frustrated
with
,
only
from
,
kindly
connect
what
is
going
on
with
Our
Acc
are
being
taken
round
,
this
is
unfair
i
have
have
tablet
I
had
headphones
but
.
was
fuming
.
This
paradise
pics
is
ooo
how
will
went
giving
them
story
for
hrs
.
This
is
becoming
ridiculous
Not Online
#BSNL
NETWORK
ORAI
#UP
FROM
LAST
HRS
PLEASE
LOOK
INTO
As soon as Possible
.
it is
very
common
here
month
days
network
or
#BSNL
ORAI
VERY
SERVICE
This
thisso
pictures
ok
is
oo
brach
Hingoli
have
connectivity
it is
really
bad
.
Branch
Hingoli
pincode
Maharashtra
woke
,
napped
with
on
.
activity
period
.
woke
hours
and
still
here
thisssss
Morning
Chris.Oh
much
sleeping
well
..
I
how
..
at
today
..
laugh out louder
..
well
on
go
here
..
Oh
dear
quiet
morning
for
then
..
Housework
instead
..
Enjoy
day
..
chat
..
Having
for
few
months
will
me
is
wire
outside
and
entire
is
freaking
out
is
ending
because
have
AHHHHHHHHHHHHHH
hours
with
Now
have
something
i am
on
with
.
got
from
day
Jammu
,
and
literally
felt
was
.
,
calls
.
was
only
used
for
camera
purposes
.
Dependency
on
landlines
coordinate
with
everyone
.
clue
what is
happening
.
was
much
,
problem
(
Magnetic
as
background
)
#ShownuBestLeader
#OurPromiseToMonstaX
#
_
for
days
now
helping
with
depression
sight
,
vibin
What
went
away
alone
On
an
island
.
,
,
.
,
drinks
and
ocean
died
few
days
ago
,
have
been
phoneless
.
recommend
.
I
channels
been
for
couple
days
.
have
streams
are
postponed
till
get
.
Praying
comes
out
tomorrow
.
I
knew
this
week
was
going
rough
but
where
i am
phoneless
taking
.
unlucky
need
social
media
me
&
Lauryn
Hill
.
been
phoneless
for
hours
..
&
lost
af
,
other
service
what the fuck
are
even
allowed
sounds
pretty
ask
me
oof
you will
find
do not
worry
,
took
me
year
get
current
but
,
,
,
cannot
talk
have
id
miss
friend
Loool
inshallahNgl
even
worse
for
women
is
plus
is
strict
and
religious
won
take
out
either
I
literally
want
go
lay
on
beach
.
Completely
by
myself
for
an
entire
weekend
.
.
interruptions
.
needing
me
.
need
.
rn
Not Online
RECEPTION
,
COULD
I
would
rather
have
i
picking
two
days
of
week
straight
business
..
,
social
media
,
distractions
.
next
take
will
for
of
mind
.
#No
Day
of
i have
watched
several
hours
of
Live
Public Domain
reruns
and
doing
taxes
now
sounds
go
on
vacation
Accepting
calls
or
endless
text
messages
.
Leave
me
ALONE
Periodt
sight
vibing
I
glad
don
at
store
anymore
thay
was
took
nomophobia
test
turns
out
%
completely
addicted
and
need
of
digital
detox
i would
.
for
month
I
looking
forward
getting
tomorrow
.
Okay
ll
have
but
at
least
ll
busy
and
ll
less
opportunity
for
me
myself
from
within
it is
day
laugh out louder
fml
I
would
but
simply
have
.
bad
situation
at
;
__
;
Been
month
now
with
dear
..
,
day
two
with
.
.
Well
have
now
.
.
Going
try
new
rule
,
or
technology
after
pm
..
Wish
me
luck
and
still
for fuck sake
i
slow
but
with
wifi
all
week
hrs
of
plus
.
Pretty
much
bored
,
Nothing
could
mine
it is
secrecy
it is
privacy
it is
avoiding
unnecessary
&
Stress
.
each
it is
&
Thats
ind
.
diff
strokes
diff
hiding
but
ventn
bad
times
occur
said
is
best
for
most
and
Soul
.
for
me
.
Oof
.
aaaaaand
eduroam
is
love
paying
on
building
site
connection
Still
is
since
morning
and
customer
care
says
will
couple
of
hours
ever
called
them.Ticket
-
.
cant
wait
for
whole
day
.
it is
really
frustrating
and
service
Since
power
on
Monday
night
,
we have
had
lines
/
Wifi
at
#BaildonLibrary
-
cannot
access
our
database
and
library
users
cannot
access
on
our
PCs
.
we are
very
this
and
we are
hoping
#VirginMedia
will
here
very
soon
sort
out
problem
.
Phoneless
asf
for
next
hrs
Me
ma
could
take
out
of
full
strength
Everton
side
an
last
night
ad
worst
stream
kept
freezing
every
mins
cause
was
Scottish
highlands
with
basically
This
is
.
new
video
came
out
and
working
.
is
WiFi
and
is
working
properly
watch
til
get
.
Go
watch
this
video
and
tell
me
how
is
comments
#LOONA_SOWHAThttps
/
/
sight
,
living
moment
glow
is
coming
downloading
,
ion
got
WiFi
#MutantFam
#HorrorFam
please
Real Time -or- ReTweet
as
appropriate
.
i am
most
of
.
need
/
want
update
but
cannot
-
limited
.
Darcy
/
Joebob
,
#TeamToddsters
,
,
Erin
,
Paul
,
Davorka
,
Hallows
-
Please
pass
on
them
going
again
bois
se
-
hours
Soon
i am
gonna
day
challenge
of
.
From
day
challenge
i will
advance
week
month
it is
honestly
.
have
but
connection
,
cannot
get
skins
won
from
completing
story
cannot
use
krypt
either
.
that is
honestly
really
fxcked
day
with
,
been
promised
everyday
being
worked
on
.
contacted
openreach
and
nothing
.
This
is
acceptable
please
look
into
this
As soon as Possible
Sim
Replaced
.
Still
since
th
January.Already
raised
complaint
regarding
same
,
but
luck
far.Tell
us
,
either
gotta
make
or
will
opt
out
.
Sir
,
today
is
th
day
with
.
someone
priorities
this
called
for
relocation
,
guy
from
team
was
working
downstairs
on
relocation
but
still
came
from
morning
.
it is
really
frustrating
.
Hathway
was
but
i
connection
.
shocking
service
far
.
And
,
eat
&
want
,
as
active
as
want
or
as
as
want
,
out
from
even
or
interact
with
from
different
parts
of
,
don
have
pack
&
unpack
.
cable
and
again
How
service
is
terrible
country
and
.
electricity
,
,
,
,
nothing
.
bed
BEFORE
Personal Message -or- Private Message
bookNo
phoneNo
journalIt
was
me
,
silence
and
darkness
This
has
been
best
have
eerienced
I
woke
soothing
sounds
of
rain
and
#MillionairesMindset
for
what
has
store
for
me
bored
and
have
connection
Bull
market
delivery
service
here
Addis
.
,
power
,
humus
,
and
felafel
.
are
killing
me
here
an
spirit
close
Textaphrenia
.
laugh out louder
.
Getting
snowed
is
.
.
service
cause
lines
are
.
And
i am
lucky
even
have
LOLMe
rn
Another
day
with
at
well
at
least
wifi
is
working
i
used
this
for
months
daily
&
me
was
being
phoneless
sucks
first
was
Monday
.
is
now
Wednesday
&
still
have
.
being
ignored
hope
will
go
away
.
level
has
risen
from
rather
ticked
quietly
fuming
.
ported
for
Vodafone
yesterday
Airtel
and
customer
service
says
will
take
days
resolve
are
guys
Worst
for
is
basement
which
there is
connection
WiFi
problem
,
,
dopamine
.
.
Get
out
into
countryside
,
for
few
hours
,
let
nature
it is
healing
.
brought
me
from
brink
last
year.And
something
at
least
day
week
now
.
Get
out
etc
reset
.
Exercise
black
,
and
sleeps
I
had
room
.
Told
anyone
called
were
on
end
lot
.
Then
had
.
And
was
lot
.
#MyFavoriteEquationInvolves
wifi
+
=
makes
me
smile
,
Carmona
Cavite
since
..
casimiro
townhomes
phase
las
as
,
.
Inspect
and
asap
.
Week
of
with
-
keep
telling
me
patient
.
paid
for
unlimited
and
haven
had
for
over
days
with
resolution
sight
Worst
customer
service
,
give
me
and
stop
saying
Direct Message
youbguys
understand
how
frustrating
is
business
with
an
unreliable
connection
this
wjole
morning
,
and
word
.
guys
..
should
go
writing
letter
I
had
never
heard
of
this
,
thanks
.
found
his
correction
immediately
.
Also
found
photos
of
sucking
on
pretty
quickly
.
thankful
was
was
twenties
.
wifi
or
go
. .
I
what
it is
difficult
believe
eyes
.
would
I
.
And
WIFI
for
couple
of
days
either
are
with
connection
and
have
emails
and
deadlines
and
nothing
for
weekend
was
of
peaceful
was
were
growing
and
were
living
.
Our
were
living
.
Have
forgotten
Adaptation
is
of
characteristics
of
human
beings
we will
Definitely
adapt
.
have
rule
on
bus
for
four
days
,
and
counting
.
updates
from
side
,
and
support
WHATSOEVER.This
lack
of
service
of
yours
is
really
getting
tad
on
pathetic
Side
.
Having
is
I
don
have
all
trying
contact
me
ll
Friday
though
rn
FaceTime
though
card
games
Day
#
with
house.Things
are
looking
.
longer
what
Hold
quality
is
or
sounds
similar
.
i am
longer
have
or
i have
past
era
where
every
video
watch
was
filmed
on
.
Straight
vibin
,
sight
I
want
get
room
another
state
,
,
for
weekend
and
.
best
part
Esports
Lounge
opening
is
m
taking
an
entire
day
for
first
months
.
discord
.
.
.
.
naps
.
Cesars
for
weeks
with
and
genuinely
.
Guess
what
get
for
having
best
friend
marines
LOLIt
only
been
hours
after
hours
soul
is
tortured
and
body
withering
,
please
help
state
of
vjrginia
i
only
have
ateez
videos
on
keep
me
occupied
with
wifi
ive
watched
same
videos
times
last
two
days
those
woulda
been
days
,
,
sources
for
news
,
having
Frasier
watch
parties
had
ALL
DAY
was
going
knowing
what
was
going
on
.
.
is
within
all
of
us
.
Go
quiet
with
tv
nothing
but
silence
&
focus
little
voice
inside
is
always
right
but
too
times
dismiss
.
Welp
looks
lost
only
charging
cable
.
tip
tomorrow
i
have
friends
and
irl
friends
never
message
me
.
really
living
best
still
well
hopefully
miracle
will
happen
and
get
somehow
Living
dangerous
of
accessories
.
Cat
noticed
this
and
proceed
film
new
with
her
teeth
.
are
guest
tonight
Rockford
Illinois
and
is
or
wifi
available
.
said
,
"
Somebody
is
coming
tomorrow
.
"
Oh
.
Okay
.
Uh
will
go
phoneless
for
.
How
season
haven
played
yet
and
have
WiFi
AT
&
is
.
Borrowed
from
other
sold
everything
she
could
and
bought
what
for
years
wanted
as
is
remote
on
tiny
way
woods
end
of
tiny
but
town
of
Berry
and
her
children
are
bored
as
is
wifi
signal
out
Laugh out louder
i have
NEVER
on
vacation
.
need
.
I
think
want
on
beach
with
children
,
lots
of
,
and
next
service
.
Suggestions
on
places
/
resorts
Oh
love
have
wifi
day
And
have
Wi-Fi
hoo
what
is
going
on
with
is
this
nationwide
because
class
got
canceled
and
now
m
,
still
connection
.
new
#
#FixTheInternet
#somebodygettingfired
#homework
Trying
figure
out
how
going
survive
with
WiFi
for
day.Damn
sound
spoiled
af
I
have
would
matter
.
I
need
some
me
,
relaxation
Having
sucks
there is
wifi
enchanted
forest
I
edits
but
admin
got
wifi
rn
but
got
Twitter
laugh out louder
I
have
an
iPad
with
.
.
Usually
have
but
for
past
days
ve
been
getting
this
error
CONSTANTLY
.
Is
this
me
issue
or
issue
Because
at
this
m
throwing
.
And
for
literally
every
at
I
need
vacation
few
days
clear
mind
or
grades
is
coming
downloading
,
ion
got
WiFI
have
WiFi
for
second
day
on
.
are
charging
me
for
something
m
recieving
.
are
actually
stealing
from
me
Have
Logs
On
having
go
reading
pending
list
i am
out
of
country
..
and
iPhone
dies
.
With
fatal
"
restored
"
Big Smile -or- Bull Sh** -or- Brain Strain
..
hour
flight
with
,
i am
tweeting
from
.
Who
tweets
from
LOSERS
.
that is
who
.
vibing
.
sight
cant
believe
have
wifi
on
TAEHYUN
day
thats
acceptable
Ngl
really
draw
but
and
fact
have
for
Personal Computer -or- Politically Correct
till
Friday
.
is
gonna
boring
as
over
next
few
days
Oh My F***ing God
.
Real
end
of
.
/
days
/
landline
and
dodgy
service
for
us
.
Make
write
everything
including
all
reference
numbers
.
found
call
center
would
tell
us
techs
were
booked
but
has
wifi
,
still
haven
resolved
account
or
phones
technically
which
started
Dec
yet
want
me
pay
leave
,
correct
,
has
WiFi
or
hotspot
services
.
owe
me
hrs
contacting
let
ca
closest
came
was
for
years
.
radio
,
,
newspapers
nature
,
and
quiet
.
Bliss
go
Side
I
CANT
BELIEVE
NOW
Old Fart
ALL
TIMES
IHVE
Not Online
WIFI
AND
MINUTES
AWAY
FEOM
THIS
IS
BLAAT
NOMOPHOBIA
How
would
going
'
.
wifi
and
only
conversation
Yesterday
and
were
cleaning
our
apartment
have
for
move
today
had
wifi
all
day
.
Now
moved
today
,
decides
still
got
wifi
since
morning
.
"
Claro
,
mas
poderosa
"
Laughing My Ass Off
.
was
disappointing
hardly
see
models
.
wifi
where
staying
tonight
.
I
have
titles
go
but
our
servers
are
,
.
said
calls
damnnnn
m
living
ages
with
WiFi
and
having
watch
soaps
on
tomorrow
gets
activated
DAY
with
..
idek
how
m
surviving
rn
oh
calls
get
mins
before
and
nothing
is
charged
also
WiFi
of
wind
,
there is
wifi
.
it is
lived
cave
Would
rather
have
Wi-Fi
for
rest
of
or
never
eat
again
punishment
for
showing
therapy
is
there is
wifi
waiting
room
missing
comebacks
have
wifi
this
is
once
again
.
electricity
,
wifi
,
network
,
vibesss
remember
made
me
go
on
week
with
wifi
and
had
miss
release
and
txt
winning
first
roty
bars
WAIT
Cuba
cell
service
,
WiFi
talk
ANYBODY
thank
day
getting
on
pm
flight
with
probably
WiFi
This
Wi-fi
or
service
shenanigans
is
of
having
wifi
is
wifi
sa
dorm
room
tapos
may
diba
hrs
ang
lounge
(
may
stable
wifi
)
i have
only
flown
once
,
and
personal
eerience
was not
bad
.
Only
say
was
WiFi
Wifi
on
this
.
whole
love
of
taking
trains
is
having
comfortable
workspace
for
hrs
.
today
,
apparently
.
This
WiFi
and
killing
me
wifi
soon
wi-fi
today
I
Just Got Home
AND
DID
ME
Significant Other
TODAY
,
,
,
had
wifi
whole
day
bathroom
has
wifi
connection
and
sitting
panicky
waiting
for
reply
dont
get
signal
at
is
for
birds
ive
been
phoneless
for
only
day
and
half
but
it is
weird
,
holy
crepes
dad
has
working
from
,
which
is
answer
door
deliveries
and
only
goes
and
misses
.
has
been
days
with
someone
actually
save
me
Honestly
what
did
folk
withoot
phones
,
had
signal
since
this
morning
and
felt
absolutely
lost
withoot
ps
hope
yous
aw
have
dinner
Suprise
suprise
are not
answering
disgraceful
service
.
Still
signal
what
joke
.
Try
unplugging
and
plugging
again
.
that is
what
always
telling
us
.
How
much
longer
that is
is
because
turned
and
then
on
again
still
signal
has
got
worst
network
signal
or
since
oclock
last
night
#threedown
panic
is
horrible
But
GLAD
Intense Text Sex
FRIDAY
frustrating
as
there is
signal
.
Had
after
WhatsApp
and
emails
as
most
of
communicatiin
is
via
them
.
On
call
with
support
for
mins
still
waiting
.
Pathetic
as
nothing
has
been
communicated
by
three
Finally
,
i am
Having
for
more
than
week
is
very
difficult
at
this
morning
.
i am
say
i am
feeling
pretty
lost
.
#Phoneless
#SophiesPhoneHome
#SoThisIsWhatSilenceSoundsLike
once
out
again
i will
have
signal
.
for fuck sake
Noticed
is
less
dense
go
out
phoneless
,
irony
.
Was
bout
of
nomophobia
,
low-battery
anxiety
usually
at
%
,
that is
thought
this
was
fascinating
idea
#article
this
morning
birthday
iam
and
,
matbe
should
being
antisocial
until
get
another
(
never
gonna
happens
)
bye
Having
and
using
this
iPad
is
Going
..
for
hrs
..
worms
brain
are
staging
protest
how
till
it is
sorted
..
having
at
all
is not
I
really
go
get
blowing
me
worst
network
are
providing
signal
inside
and
guys
doing
nothing
..
jus
showing
fake
ads
telling
largest
network
on
tv
gonna
out
now
..
switching
This
starting
throw
me
Anyone
else
on
got
signal
.
.
very
have
had
signal
since
yesterday
This
vodafone
is
going
us
.
surprised
discover
with
signal
.
Missed
an
important
call
.
Hopeless
service
by
vodafone
.
Dont
give
lip
services
.
are
going
improve
clear
on
This
and
Dont
with
us
.
Been
since
half
last
night
Burnley
,
working
nights
with
basically
use
is
painful
.
Wouldn
even
mind
communicated
with
us
Shocking
behaviour
#threedown
#threemobile
#ThreeUK
I
over
being
phoneless
m
into
T-Mobile
grab
have
and
call
day
.
Biggie
did
for
mnths
do not
how
survive
with
what
is
going
on
with
lot
signal
Tf
This
is
killing
me
Honestly
what
did
folk
withoot
phones
,
had
signal
since
this
morning
and
felt
absolutely
lost
withoot
ps
hope
yous
aw
have
dinner
I
finally
got
today
.
been
trying
link
but
was
phoneless
Middle
finger
Three
,
shittiest
provider
EVER
How
is
four
bars
of
signal
moment
and
then
signal
for
next
minutes
I
have
next
three
days
and
m
waitress
at
for
me
at
all
.
gets
everytime
even
ask
for
look
on
.
m
gonna
miss
something
will
during
next
days
only
reason
i am
staying
with
them
is
because
are
only
network
will
give
me
at
extra
cost
but
other
than
it is
having
signal
I
really
cant
believe
sitting
here
at
,
,
nothing
.
.
i
have
Not Online
.
OUT
Old Fart
SERVICE
.
Ion
have
signal
this
bout
as
wake
I am Going To
eect
refund
Had
signal
last
night
,
live
on
and
need
signal
,
what
had
medical
emergency
and
could not
contact
anyone
because
service
i am
paying
for
is
.
.
Products
Sort
of
.
Services
.
i am
planning
on
leaving
contract
out
.
i am
of
signal
,
especially
during
loadshedding
Enter
building
signal
.
Loadshedding
signal
.
Enter
different
phoneless
and
shoeless
mood
fml
Mauricio
is
on
retreat
and
has
signal
looks
wont
get
talk
him
or
him
for
next
days
AND
SCREAM
I
how
theres
signal
Metra
tunnels
.
what
supposed
while
wait
for
depart
Read
,
thanks
i
have
virtually
signal
and
hours
and
spotify
will not
i am
going
insane
Yet
again
signal
with
Struggling
see
pay
monthly
contract
for
cant
even
use
call
out
on
Once
this
contract
,
Roaming
and
youtube
songs
cost
me
fortune
and
then
came
and
fees
..
$
.
credit
destroyed
.
had
until
upgraded
.
Then
lose
on
billing
.
changed
for
and
still
have
but
having
or
credit
card
is
still
Oh
that is
disappointing
.
i am
currently
with
and
signal
is
,
speed
is
amazing
but
some
areas
have
signal
at
all
which
is
frustrating
.
finally
fixed
fixed
enough
look
at
facebook
days
or
sucks
Was
bout
of
nomophobia
,
low-battery
anxiety
usually
at
%
,
that is
thought
this
was
idea
#usecase
oh
,
,
on
%
,
,
,
plane
doesnt
leave
for
an
hour
,
,
,
oh
I
always
somehow
end
phoneless
got
worsttttt
luck
phones
signal
is
skatty
as
during
day
signal
but
at
night
