Laugh out louder
them
them
you are
you are
Not Online
Electronic Emission
Not Online
Direct Message
Quote Of The Day
there
Ape Sh** -or- Another Subject
you are
it means cool
Not Online
For Your Information
it means cool
it means cool, a.k.a. 
also seen as: n00b -or- nub -or- no0blet
Obviously
Personal Computer -or- Politically Correct

Can't Talk -or- Can't Text
Father-In-Law
Laughing My Ass Off
Take A Pill
Rest In Peace, a.k.a. big 
What The F***
Parent Alert
Lesbian, Gay, Bisexual, Transgender
Lots Of Voluntary Effort
Not Your Concern
For F*** Sake
Byte This
Personal Computer -or- Politically Correct
you are
you are
it means cool, a.k.a. 
Not Online
Not Online
Because
Bring Up My Post
there
it means times
it means times
Direct Message
Electronic Emission
Main Stream Media -or- Men who Sleep with Men
Not Online
Direct Message
Dear Friend
nothing
Direct Message
Down Low -or- Download -or- Dead Link
what
Not Online
it means cool
Not Online
Electronic Emission
Not Online
Quote Of The Day
Rest In Peace, a.k.a. big 
Byte This
Byte This
you are
Not Online
Friends Forever
Not Online
Old Fart
Not Online
Change Of Dressing
